[2026-04-05 04:27:50] ERROR: Intento de login inválido {"username":"admin"}
[2026-04-05 04:28:02] ERROR: Intento de login inválido {"username":"admin"}
[2026-04-05 05:19:20] ERROR: Error al registrar abastecimiento {"error":"SQLSTATE[23000]: Integrity constraint violation: 1048 Column 'product_id' cannot be null"}
[2026-04-05 06:18:27] ERROR: Error en sincronización de abastecimientos {"error":"SQLSTATE[23000]: Integrity constraint violation: 1048 Column 'product_id' cannot be null"}
[2026-04-05 06:18:57] ERROR: Error en sincronización de abastecimientos {"error":"SQLSTATE[23000]: Integrity constraint violation: 1048 Column 'product_id' cannot be null"}
[2026-04-05 06:21:02] ERROR: Error en sincronización de abastecimientos {"error":"SQLSTATE[23000]: Integrity constraint violation: 1048 Column 'product_id' cannot be null"}
[2026-04-05 06:22:55] ERROR: Error en sincronización de abastecimientos {"error":"SQLSTATE[23000]: Integrity constraint violation: 1048 Column 'product_id' cannot be null"}
[2026-04-05 06:26:02] ERROR: Error en sincronización de abastecimientos {"error":"SQLSTATE[23000]: Integrity constraint violation: 1048 Column 'product_id' cannot be null"}
[2026-04-05 06:27:59] ERROR: Error en sincronización de abastecimientos {"error":"SQLSTATE[23000]: Integrity constraint violation: 1048 Column 'product_id' cannot be null"}
[2026-04-05 06:28:55] ERROR: Error en sincronización de abastecimientos {"error":"SQLSTATE[23000]: Integrity constraint violation: 1048 Column 'product_id' cannot be null"}
[2026-04-05 06:31:58] ERROR: Error en sincronización de abastecimientos {"error":"SQLSTATE[23000]: Integrity constraint violation: 1048 Column 'product_id' cannot be null"}
[2026-04-05 06:31:59] ERROR: Error al registrar abastecimiento {"error":"SQLSTATE[23000]: Integrity constraint violation: 1048 Column 'product_id' cannot be null"}
[2026-04-05 06:34:36] ERROR: Error en sincronización de abastecimientos {"error":"SQLSTATE[23000]: Integrity constraint violation: 1048 Column 'product_id' cannot be null"}
[2026-04-05 06:34:36] ERROR: Error al registrar abastecimiento {"error":"SQLSTATE[23000]: Integrity constraint violation: 1048 Column 'product_id' cannot be null"}
[2026-04-05 06:34:36] ERROR: Error al registrar abastecimiento {"error":"SQLSTATE[23000]: Integrity constraint violation: 1048 Column 'product_id' cannot be null"}
[2026-04-05 06:34:36] ERROR: Error al registrar abastecimiento {"error":"SQLSTATE[23000]: Integrity constraint violation: 1048 Column 'product_id' cannot be null"}
[2026-04-05 06:34:36] ERROR: Error al registrar abastecimiento {"error":"SQLSTATE[23000]: Integrity constraint violation: 1048 Column 'product_id' cannot be null"}
[2026-04-05 06:34:36] ERROR: Error al registrar abastecimiento {"error":"SQLSTATE[23000]: Integrity constraint violation: 1048 Column 'product_id' cannot be null"}
[2026-04-05 06:34:36] ERROR: Error al registrar abastecimiento {"error":"SQLSTATE[23000]: Integrity constraint violation: 1048 Column 'product_id' cannot be null"}
[2026-04-05 06:34:36] ERROR: Error al registrar abastecimiento {"error":"SQLSTATE[23000]: Integrity constraint violation: 1048 Column 'product_id' cannot be null"}
[2026-04-05 06:34:36] ERROR: Error al registrar abastecimiento {"error":"SQLSTATE[23000]: Integrity constraint violation: 1048 Column 'product_id' cannot be null"}
[2026-04-05 06:34:37] ERROR: Error al registrar abastecimiento {"error":"SQLSTATE[23000]: Integrity constraint violation: 1048 Column 'product_id' cannot be null"}
[2026-04-05 06:37:41] ERROR: Error en sincronización de abastecimientos {"error":"SQLSTATE[23000]: Integrity constraint violation: 1048 Column 'product_id' cannot be null"}
[2026-04-05 06:37:41] INFO: Abastecimiento registrado {"id":2,"user":{"id":2,"username":"admin","nombre":"Administrador Demo"}}
[2026-04-05 06:37:41] INFO: Abastecimiento registrado {"id":3,"user":{"id":2,"username":"admin","nombre":"Administrador Demo"}}
[2026-04-05 06:37:42] INFO: Abastecimiento registrado {"id":4,"user":{"id":2,"username":"admin","nombre":"Administrador Demo"}}
[2026-04-05 06:37:42] INFO: Abastecimiento registrado {"id":5,"user":{"id":2,"username":"admin","nombre":"Administrador Demo"}}
[2026-04-05 06:37:42] INFO: Abastecimiento registrado {"id":6,"user":{"id":2,"username":"admin","nombre":"Administrador Demo"}}
[2026-04-05 06:37:42] INFO: Abastecimiento registrado {"id":7,"user":{"id":2,"username":"admin","nombre":"Administrador Demo"}}
[2026-04-05 06:37:42] INFO: Abastecimiento registrado {"id":8,"user":{"id":2,"username":"admin","nombre":"Administrador Demo"}}
[2026-04-05 06:37:42] INFO: Abastecimiento registrado {"id":9,"user":{"id":2,"username":"admin","nombre":"Administrador Demo"}}
[2026-04-05 06:37:42] INFO: Abastecimiento registrado {"id":10,"user":{"id":2,"username":"admin","nombre":"Administrador Demo"}}
[2026-04-05 06:37:42] INFO: Abastecimiento registrado {"id":11,"user":{"id":2,"username":"admin","nombre":"Administrador Demo"}}
[2026-04-05 06:38:03] ERROR: Error al registrar abastecimiento {"error":"SQLSTATE[23000]: Integrity constraint violation: 1062 Duplicate entry 'AB-1775388718706' for key 'abastecimientos.local_id'"}
[2026-04-05 06:39:17] ERROR: Error en sincronización de abastecimientos {"error":"SQLSTATE[23000]: Integrity constraint violation: 1048 Column 'product_id' cannot be null"}
[2026-04-05 06:39:17] INFO: Abastecimiento registrado {"id":13,"user":{"id":2,"username":"admin","nombre":"Administrador Demo"}}
[2026-04-05 06:46:58] ERROR: Error en sincronización de abastecimientos {"error":"SQLSTATE[23000]: Integrity constraint violation: 1048 Column 'product_id' cannot be null"}
[2026-04-05 06:46:58] INFO: Abastecimiento registrado {"id":14,"user":{"id":2,"username":"admin","nombre":"Administrador Demo"}}
[2026-04-05 06:53:25] ERROR: Error en sincronización de abastecimientos {"error":"SQLSTATE[23000]: Integrity constraint violation: 1048 Column 'product_id' cannot be null"}
[2026-04-05 06:54:20] ERROR: Error en sincronización de abastecimientos {"error":"SQLSTATE[23000]: Integrity constraint violation: 1048 Column 'product_id' cannot be null"}
[2026-04-05 07:48:45] ERROR: Error en sincronización de abastecimientos {"error":"SQLSTATE[23000]: Integrity constraint violation: 1048 Column 'product_id' cannot be null"}
[2026-04-05 07:55:33] INFO: Abastecimiento registrado {"id":18,"user":{"id":1,"username":"operador","nombre":"Operador Demo"}}
[2026-04-05 08:05:26] ERROR: Error en sincronización de abastecimientos {"error":"SQLSTATE[23000]: Integrity constraint violation: 1062 Duplicate entry 'AB-1775393325523' for key 'abastecimientos.local_id'"}
[2026-04-05 08:05:26] INFO: Abastecimiento registrado {"id":21,"user":{"id":2,"username":"admin","nombre":"Administrador Demo"}}
[2026-04-05 08:05:26] ERROR: Error al registrar abastecimiento {"error":"SQLSTATE[23000]: Integrity constraint violation: 1062 Duplicate entry 'AB-1775393325523' for key 'abastecimientos.local_id'"}
[2026-04-05 08:05:27] ERROR: Error al registrar abastecimiento {"error":"SQLSTATE[23000]: Integrity constraint violation: 1062 Duplicate entry 'AB-1775390060328' for key 'abastecimientos.local_id'"}
[2026-04-05 08:05:27] ERROR: Error al registrar abastecimiento {"error":"SQLSTATE[23000]: Integrity constraint violation: 1062 Duplicate entry 'AB-1775390004927' for key 'abastecimientos.local_id'"}
[2026-04-05 08:07:16] INFO: Abastecimiento registrado {"id":25,"user":{"id":1,"username":"operador","nombre":"Operador Demo"}}
[2026-04-05 14:10:52] INFO: Abastecimiento registrado {"id":26,"user":{"id":1,"username":"operador","nombre":"Operador Demo"}}
[2026-04-05 14:11:06] ERROR: Error en sincronización de abastecimientos {"error":"SQLSTATE[23000]: Integrity constraint violation: 1062 Duplicate entry 'AB-1775394412047' for key 'abastecimientos.local_id'"}
[2026-04-05 14:11:06] ERROR: Error al registrar abastecimiento {"error":"SQLSTATE[23000]: Integrity constraint violation: 1062 Duplicate entry 'AB-1775394412047' for key 'abastecimientos.local_id'"}
[2026-04-05 14:20:13] ERROR: Error en sincronización de abastecimientos {"error":"SQLSTATE[23000]: Integrity constraint violation: 1062 Duplicate entry 'AB-1775394412047' for key 'abastecimientos.local_id'"}
[2026-04-05 14:20:13] ERROR: Error al registrar abastecimiento {"error":"SQLSTATE[23000]: Integrity constraint violation: 1062 Duplicate entry 'AB-1775394412047' for key 'abastecimientos.local_id'"}
[2026-04-05 15:01:46] INFO: DEBUG store {"body":[],"required":["idLocal","cantidad","producto","recibidoPor","zonaNombreSnapshot","latitud","longitud","precisionGps","fechaGps","importe"]}
[2026-04-05 15:02:14] INFO: DEBUG store {"body":[],"required":["idLocal","cantidad","producto","recibidoPor","zonaNombreSnapshot","latitud","longitud","precisionGps","fechaGps","importe"]}
[2026-04-05 15:03:22] INFO: DEBUG store {"body":[],"required":["idLocal","cantidad","producto","recibidoPor","zonaNombreSnapshot","latitud","longitud","precisionGps","fechaGps","importe"]}
[2026-04-05 15:03:42] INFO: DEBUG_EARLY capture {"REQUEST_METHOD":"POST","CONTENT_TYPE":"application/json","CONTENT_LENGTH":"43","HTTP_CONTENT_TYPE":"NONE"}
[2026-04-05 15:03:42] INFO: DEBUG_EARLY capture {"REQUEST_METHOD":"POST","CONTENT_TYPE":"application/json","CONTENT_LENGTH":"189","HTTP_CONTENT_TYPE":"NONE"}
[2026-04-05 15:03:42] INFO: DEBUG store {"body":{"idLocal":"TEST789","cantidad":1,"producto":1,"conductor":"J","recibidoPor":"M","zonaNombreSnapshot":"Z","latitud":-12,"longitud":-77,"precisionGps":5,"fechaGps":"2026-04-05","importe":50},"required":["idLocal","cantidad","producto","recibidoPor","zonaNombreSnapshot","latitud","longitud","precisionGps","fechaGps","importe"]}
[2026-04-05 15:03:46] INFO: DEBUG_EARLY capture {"REQUEST_METHOD":"POST","CONTENT_TYPE":"application/json","CONTENT_LENGTH":"43","HTTP_CONTENT_TYPE":"NONE"}
[2026-04-05 15:03:46] INFO: DEBUG_EARLY capture {"REQUEST_METHOD":"POST","CONTENT_TYPE":"application/json","CONTENT_LENGTH":"189","HTTP_CONTENT_TYPE":"NONE"}
[2026-04-05 15:03:46] INFO: DEBUG store {"body":{"idLocal":"TEST999","cantidad":1,"producto":1,"conductor":"J","recibidoPor":"M","zonaNombreSnapshot":"Z","latitud":-12,"longitud":-77,"precisionGps":5,"fechaGps":"2026-04-05","importe":50},"required":["idLocal","cantidad","producto","recibidoPor","zonaNombreSnapshot","latitud","longitud","precisionGps","fechaGps","importe"]}
[2026-04-05 15:06:01] ERROR: Error al registrar abastecimiento {"error":"SQLSTATE[23000]: Integrity constraint violation: 1062 Duplicate entry 'SPEC-OK-001' for key 'abastecimientos.local_id'","code":"23000"}
[2026-04-05 15:07:36] ERROR: Error al registrar abastecimiento {"error":"SQLSTATE[23000]: Integrity constraint violation: 1062 Duplicate entry 'AB-1775394412047' for key 'abastecimientos.local_id'","code":"23000"}
[2026-04-05 15:08:07] ERROR: Error en sincronización de abastecimientos {"error":"SQLSTATE[23000]: Integrity constraint violation: 1062 Duplicate entry 'AB-1775394412047' for key 'abastecimientos.local_id'","code":"23000"}
[2026-04-05 15:08:08] ERROR: Error al registrar abastecimiento {"error":"SQLSTATE[23000]: Integrity constraint violation: 1062 Duplicate entry 'AB-1775394412047' for key 'abastecimientos.local_id'","code":"23000"}
[2026-04-08 03:01:55] ERROR: Intento de login inválido {"username":"admin"}
[2026-04-08 03:02:03] ERROR: Intento de login inválido {"username":"admin"}
[2026-04-08 03:03:21] ERROR: Intento de login inválido {"username":"admin"}
[2026-04-08 03:03:31] ERROR: Intento de login inválido {"username":"admin"}
[2026-04-08 03:03:38] ERROR: Intento de login inválido {"username":"admin"}
[2026-04-08 03:04:03] ERROR: Intento de login inválido {"username":"admin"}
[2026-04-08 03:05:40] ERROR: Intento de login inválido {"username":"admin"}
[2026-04-08 03:06:46] ERROR: Intento de login inválido {"username":"admin"}
[2026-04-08 03:06:56] ERROR: Intento de login inválido {"username":"admin"}
[2026-04-08 03:08:14] ERROR: Intento de login inválido {"username":"admin"}
[2026-04-08 03:11:53] ERROR: Intento de login inválido {"username":"admin"}
[2026-04-08 03:12:11] ERROR: Intento de login inválido {"username":"admin"}
[2026-04-08 03:15:54] ERROR: Intento de login inválido {"username":"admin"}
[2026-04-08 03:30:10] ERROR: Intento de login inválido {"username":"admin"}
[2026-04-08 03:31:38] ERROR: Intento de login inválido {"username":"operador"}
[2026-04-08 04:42:10] ERROR: Intento de login inválido {"username":"admin"}
